Using pre-set license
Built from '2020.3/staging' branch; Version is '2020.3.13f1 (71691879b7f5) revision 7432472'; Using compiler version '192528614'; Build Type 'Release'
OS: 'Windows 10 Pro; OS build 19042.1348; Version 2009; 64bit' Language: 'es' Physical Memory: 16309 MB
BatchMode: 1, IsHumanControllingUs: 0, StartBugReporterOnCrash: 0, Is64bit: 1, IsPro: 0

 COMMAND LINE ARGUMENTS:
D:\Program Files\2020.3.13f1\Editor\Unity.exe
-adb2
-batchMode
-noUpm
-name
AssetImportWorker2
-projectPath
D:/Documentos/DarkSoulsLvL
-logFile
Logs/AssetImportWorker2.log
-srvPort
50678
Successfully changed project path to: D:/Documentos/DarkSoulsLvL
D:/Documentos/DarkSoulsLvL
Using Asset Import Pipeline V2.
Refreshing native plugins compatible for Editor in 74.68 ms, found 2 plugins.
Preloading 0 native plugins for Editor in 0.00 ms.
Initialize engine version: 2020.3.13f1 (71691879b7f5)
[Subsystems] Discovering subsystems at path D:/Program Files/2020.3.13f1/Editor/Data/Resources/UnitySubsystems
[Subsystems] Discovering subsystems at path D:/Documentos/DarkSoulsLvL/Assets
GfxDevice: creating device client; threaded=0
Direct3D:
    Version:  Direct3D 11.0 [level 11.1]
    Renderer: NVIDIA GeForce GTX 1660 Ti (ID=0x2182)
    Vendor:   
    VRAM:     5991 MB
    Driver:   30.0.14.9676
Initialize mono
Mono path[0] = 'D:/Program Files/2020.3.13f1/Editor/Data/Managed'
Mono path[1] = 'D:/Program Files/2020.3.13f1/Editor/Data/MonoBleedingEdge/lib/mono/unityjit'
Mono config path = 'D:/Program Files/2020.3.13f1/Editor/Data/MonoBleedingEdge/etc'
Using monoOptions --debugger-agent=transport=dt_socket,embedding=1,server=y,suspend=n,address=127.0.0.1:56168
Begin MonoManager ReloadAssembly
Registering precompiled unity dll's ...
Register platform support module: D:/Program Files/2020.3.13f1/Editor/Data/PlaybackEngines/WindowsStandaloneSupport/UnityEditor.WindowsStandalone.Extensions.dll
Registered in 0.000754 seconds.
Native extension for WindowsStandalone target not found
Refreshing native plugins compatible for Editor in 72.83 ms, found 2 plugins.
Preloading 0 native plugins for Editor in 0.00 ms.
Mono: successfully reloaded assembly
- Completed reload, in  2.067 seconds
Platform modules already initialized, skipping
Registering precompiled user dll's ...
Registered in 0.002856 seconds.
Begin MonoManager ReloadAssembly
Native extension for WindowsStandalone target not found
Refreshing native plugins compatible for Editor in 77.02 ms, found 2 plugins.
Preloading 0 native plugins for Editor in 0.00 ms.
Mono: successfully reloaded assembly
- Completed reload, in  2.271 seconds
Platform modules already initialized, skipping
========================================================================
Worker process is ready to serve import requests
Shader 'Universal Render Pipeline/Particles/Lit': fallback shader 'Universal Render Pipeline/Particles/SimpleLit' not found
Shader 'Universal Render Pipeline/Particles/Lit': fallback shader 'Universal Render Pipeline/Particles/SimpleLit' not found
Launched and connected shader compiler UnityShaderCompiler.exe after 0.07 seconds
Refreshing native plugins compatible for Editor in 1.11 ms, found 2 plugins.
Preloading 0 native plugins for Editor in 0.00 ms.
Unloading 3692 Unused Serialized files (Serialized files now loaded: 0)
System memory in use before: 190.7 MB.
System memory in use after: 188.2 MB.

Unloading 48 unused Assets to reduce memory usage. Loaded Objects now: 4127.
Total: 2.965400 ms (FindLiveObjects: 0.249100 ms CreateObjectMapping: 0.080800 ms MarkObjects: 1.741300 ms  DeleteObjects: 0.893400 ms)

AssetImportParameters requested are different than current active one (requested -> active):
  custom:framework-win-MediaFoundation: 216162199b28c13a410421893ffa2e32 -> 
  custom:video-decoder-ogg-theora: a1e56fd34408186e4bbccfd4996cb3dc -> 
  custom:container-muxer-webm: aa71ff27fc2769a1b78a27578f13a17b -> 
  custom:container-demuxer-webm: 4f35f7cbe854078d1ac9338744f61a02 -> 
  custom:container-demuxer-ogg: 62fdf1f143b41e24485cea50d1cbac27 -> 
  custom:video-encoder-webm-vp8: eb34c28f22e8b96e1ab97ce403110664 -> 
  custom:video-decoder-webm-vp8: 9c59270c3fd7afecdb556c50c9e8de78 -> 
  custom:audio-decoder-ogg-vorbis: bf7c407c2cedff20999df2af8eb42d56 -> 
  custom:audio-encoder-webm-vorbis: bf7c407c2cedff20999df2af8eb42d56 -> 
========================================================================
Received Import Request.
  path: Assets/Animacion/Boss/Mutant Roaring.fbx
  artifactKey: Guid(e8ca1c3a4fd00dd4dbf40bd90419e5ed) Importer(815301076,1909f56bfc062723c751e8b465ee728b)
Start importing Assets/Animacion/Boss/Mutant Roaring.fbx using Guid(e8ca1c3a4fd00dd4dbf40bd90419e5ed) Importer(815301076,1909f56bfc062723c751e8b465ee728b)  -> (artifact id: '546c1c869c5de3ffaa44682805434ded') in 0.052991 seconds 
  Import took 0.141082 seconds .

========================================================================
Received Prepare
Registering precompiled user dll's ...
Registered in 0.003452 seconds.
Begin MonoManager ReloadAssembly
Native extension for WindowsStandalone target not found
Refreshing native plugins compatible for Editor in 1.02 ms, found 2 plugins.
Preloading 0 native plugins for Editor in 0.00 ms.
Mono: successfully reloaded assembly
- Completed reload, in  0.799 seconds
Platform modules already initialized, skipping
Shader 'Universal Render Pipeline/Particles/Lit': fallback shader 'Universal Render Pipeline/Particles/SimpleLit' not found
Shader 'Universal Render Pipeline/Particles/Lit': fallback shader 'Universal Render Pipeline/Particles/SimpleLit' not found
Refreshing native plugins compatible for Editor in 1.06 ms, found 2 plugins.
Preloading 0 native plugins for Editor in 0.00 ms.
Unloading 3544 Unused Serialized files (Serialized files now loaded: 0)
System memory in use before: 182.7 MB.
System memory in use after: 180.4 MB.

Unloading 61 unused Assets to reduce memory usage. Loaded Objects now: 4111.
Total: 3.159100 ms (FindLiveObjects: 0.245000 ms CreateObjectMapping: 0.103100 ms MarkObjects: 1.766800 ms  DeleteObjects: 1.043600 ms)

AssetImportParameters requested are different than current active one (requested -> active):
  custom:framework-win-MediaFoundation: 216162199b28c13a410421893ffa2e32 -> 
  custom:video-decoder-ogg-theora: a1e56fd34408186e4bbccfd4996cb3dc -> 
  custom:container-muxer-webm: aa71ff27fc2769a1b78a27578f13a17b -> 
  custom:container-demuxer-webm: 4f35f7cbe854078d1ac9338744f61a02 -> 
  custom:container-demuxer-ogg: 62fdf1f143b41e24485cea50d1cbac27 -> 
  custom:video-encoder-webm-vp8: eb34c28f22e8b96e1ab97ce403110664 -> 
  custom:video-decoder-webm-vp8: 9c59270c3fd7afecdb556c50c9e8de78 -> 
  custom:audio-decoder-ogg-vorbis: bf7c407c2cedff20999df2af8eb42d56 -> 
  custom:audio-encoder-webm-vorbis: bf7c407c2cedff20999df2af8eb42d56 -> 
========================================================================
Received Import Request.
  Time since last request: 622.327432 seconds.
  path: Assets/Materials/Shaders
  artifactKey: Guid(0bb381ff67721aa4dafea9be7e5f4030) Importer(815301076,1909f56bfc062723c751e8b465ee728b)
Start importing Assets/Materials/Shaders using Guid(0bb381ff67721aa4dafea9be7e5f4030) Importer(815301076,1909f56bfc062723c751e8b465ee728b)  -> (artifact id: '6db49e6782d47129d4c05df9761a92a5') in 0.009651 seconds 
  Import took 0.401506 seconds .

========================================================================
Received Import Request.
  Time since last request: 0.000162 seconds.
  path: Assets/Materials/Shaders/Disolve.mat
  artifactKey: Guid(f21f7032fac1e7b4ab2b4cc6043f7afe) Importer(815301076,1909f56bfc062723c751e8b465ee728b)
Start importing Assets/Materials/Shaders/Disolve.mat using Guid(f21f7032fac1e7b4ab2b4cc6043f7afe) Importer(815301076,1909f56bfc062723c751e8b465ee728b)  -> (artifact id: '66937b09aeab992c6267374c3044cfc5') in 0.292990 seconds 
  Import took 0.316827 seconds .

========================================================================
Received Import Request.
  Time since last request: 35.043341 seconds.
  path: Assets/Materials/Shaders/CartoonWater.shadergraph
  artifactKey: Guid(28b360be16de8d44d904036b0a841b25) Importer(815301076,1909f56bfc062723c751e8b465ee728b)
Start importing Assets/Materials/Shaders/CartoonWater.shadergraph using Guid(28b360be16de8d44d904036b0a841b25) Importer(815301076,1909f56bfc062723c751e8b465ee728b)  -> (artifact id: '49e0966e8e5607744a289bca915f2831') in 0.006440 seconds 
  Import took 0.064713 seconds .

========================================================================
Received Import Request.
  Time since last request: 0.356313 seconds.
  path: Assets/Materials/Shaders/CartoonWater.shadergraph
  artifactKey: Guid(28b360be16de8d44d904036b0a841b25) Importer(815301076,1909f56bfc062723c751e8b465ee728b)
Start importing Assets/Materials/Shaders/CartoonWater.shadergraph using Guid(28b360be16de8d44d904036b0a841b25) Importer(815301076,1909f56bfc062723c751e8b465ee728b)  -> (artifact id: '49e0966e8e5607744a289bca915f2831') in 0.002613 seconds 
  Import took 0.007654 seconds .

========================================================================
Received Import Request.
  Time since last request: 9.580415 seconds.
  path: Assets/Materials/Shaders/Poson.mat
  artifactKey: Guid(359becbc27ef50348b0e9bc46b21c02d) Importer(815301076,1909f56bfc062723c751e8b465ee728b)
Start importing Assets/Materials/Shaders/Poson.mat using Guid(359becbc27ef50348b0e9bc46b21c02d) Importer(815301076,1909f56bfc062723c751e8b465ee728b)  -> (artifact id: 'ec5ffd01afb4b57a21318e54cac80348') in 0.083842 seconds 
  Import took 0.195773 seconds .

========================================================================
Received Import Request.
  Time since last request: 243.814023 seconds.
  path: Assets/prefabs/Charco.prefab
  artifactKey: Guid(fef97fcc06a9a5845836251b1162fe04) Importer(815301076,1909f56bfc062723c751e8b465ee728b)
Start importing Assets/prefabs/Charco.prefab using Guid(fef97fcc06a9a5845836251b1162fe04) Importer(815301076,1909f56bfc062723c751e8b465ee728b)  -> (artifact id: 'db03107f7da96cbc7213e37b15d2bad0') in 0.018852 seconds 
  Import took 0.862797 seconds .

========================================================================
Received Import Request.
  Time since last request: 0.000150 seconds.
  path: Assets/Dark_Fantasy/Assets/CharaPref/Grp_Character.prefab
  artifactKey: Guid(46fc936a4894f7340960d5ce8bd12144) Importer(815301076,1909f56bfc062723c751e8b465ee728b)
Start importing Assets/Dark_Fantasy/Assets/CharaPref/Grp_Character.prefab using Guid(46fc936a4894f7340960d5ce8bd12144) Importer(815301076,1909f56bfc062723c751e8b465ee728b)  -> (artifact id: '4f2e1a9131f7a5a27f3f4e6f41a91eda') in 0.791056 seconds 
  Import took 0.932867 seconds .

========================================================================
Received Import Request.
  Time since last request: 0.000166 seconds.
  path: Assets/LeanTween/Examples/Models/LeanTween-Icon.fbx
  artifactKey: Guid(6fc4240da91ab4747a411a8313faed53) Importer(815301076,1909f56bfc062723c751e8b465ee728b)
Start importing Assets/LeanTween/Examples/Models/LeanTween-Icon.fbx using Guid(6fc4240da91ab4747a411a8313faed53) Importer(815301076,1909f56bfc062723c751e8b465ee728b)  -> (artifact id: '6bc93d4ed4b966a8ed613974e6b00097') in 0.552660 seconds 
  Import took 0.583994 seconds .

========================================================================
Received Import Request.
  Time since last request: 0.000158 seconds.
  path: Assets/sprites/MENU_CharaMake_Frame.PNG
  artifactKey: Guid(85c34f4e3c4b6594d95df8be48dffe9a) Importer(815301076,1909f56bfc062723c751e8b465ee728b)
Start importing Assets/sprites/MENU_CharaMake_Frame.PNG using Guid(85c34f4e3c4b6594d95df8be48dffe9a) Importer(815301076,1909f56bfc062723c751e8b465ee728b)  -> (artifact id: '2198e52589447f3d6b5380d133f798f9') in 0.111348 seconds 
  Import took 0.132591 seconds .

========================================================================
Received Prepare
Registering precompiled user dll's ...
Registered in 0.003348 seconds.
Begin MonoManager ReloadAssembly
Native extension for WindowsStandalone target not found
Refreshing native plugins compatible for Editor in 1.02 ms, found 2 plugins.
Preloading 0 native plugins for Editor in 0.00 ms.
Mono: successfully reloaded assembly
- Completed reload, in  0.931 seconds
Platform modules already initialized, skipping
Shader 'Universal Render Pipeline/Particles/Lit': fallback shader 'Universal Render Pipeline/Particles/SimpleLit' not found
Shader 'Universal Render Pipeline/Particles/Lit': fallback shader 'Universal Render Pipeline/Particles/SimpleLit' not found
Refreshing native plugins compatible for Editor in 1.03 ms, found 2 plugins.
Preloading 0 native plugins for Editor in 0.00 ms.
Unloading 3546 Unused Serialized files (Serialized files now loaded: 0)
System memory in use before: 186.7 MB.
System memory in use after: 184.4 MB.

Unloading 44 unused Assets to reduce memory usage. Loaded Objects now: 4198.
Total: 3.156800 ms (FindLiveObjects: 0.267200 ms CreateObjectMapping: 0.105400 ms MarkObjects: 1.865700 ms  DeleteObjects: 0.917700 ms)

AssetImportParameters requested are different than current active one (requested -> active):
  custom:framework-win-MediaFoundation: 216162199b28c13a410421893ffa2e32 -> 
  custom:video-decoder-ogg-theora: a1e56fd34408186e4bbccfd4996cb3dc -> 
  custom:container-muxer-webm: aa71ff27fc2769a1b78a27578f13a17b -> 
  custom:container-demuxer-webm: 4f35f7cbe854078d1ac9338744f61a02 -> 
  custom:container-demuxer-ogg: 62fdf1f143b41e24485cea50d1cbac27 -> 
  custom:video-encoder-webm-vp8: eb34c28f22e8b96e1ab97ce403110664 -> 
  custom:video-decoder-webm-vp8: 9c59270c3fd7afecdb556c50c9e8de78 -> 
  custom:audio-decoder-ogg-vorbis: bf7c407c2cedff20999df2af8eb42d56 -> 
  custom:audio-encoder-webm-vorbis: bf7c407c2cedff20999df2af8eb42d56 -> 
========================================================================
Received Import Request.
  Time since last request: 74.359954 seconds.
  path: Assets/prefabs/Charco.prefab
  artifactKey: Guid(fef97fcc06a9a5845836251b1162fe04) Importer(815301076,1909f56bfc062723c751e8b465ee728b)
Start importing Assets/prefabs/Charco.prefab using Guid(fef97fcc06a9a5845836251b1162fe04) Importer(815301076,1909f56bfc062723c751e8b465ee728b)  -> (artifact id: '8d7da83eb3db33745e0d33247a2719af') in 0.162043 seconds 
  Import took 0.731301 seconds .

========================================================================
Received Import Request.
  Time since last request: 0.000155 seconds.
  path: Assets/prefabs/Dragon.prefab
  artifactKey: Guid(0358227883a64a241b719840fad272e1) Importer(815301076,1909f56bfc062723c751e8b465ee728b)
Start importing Assets/prefabs/Dragon.prefab using Guid(0358227883a64a241b719840fad272e1) Importer(815301076,1909f56bfc062723c751e8b465ee728b)  -> (artifact id: '590f183c386590a4d1558978260a9a3a') in 1.304804 seconds 
  Import took 1.330709 seconds .

========================================================================
Received Import Request.
  Time since last request: 1.220872 seconds.
  path: Assets/prefabs/Charco 1.prefab
  artifactKey: Guid(b54c01e40b775854288bf315a6678e52) Importer(815301076,1909f56bfc062723c751e8b465ee728b)
Start importing Assets/prefabs/Charco 1.prefab using Guid(b54c01e40b775854288bf315a6678e52) Importer(815301076,1909f56bfc062723c751e8b465ee728b)  -> (artifact id: '38ad81077edd1026d1370cd4dac2a433') in 0.025266 seconds 
  Import took 0.041507 seconds .

========================================================================
Received Import Request.
  Time since last request: 7.234102 seconds.
  path: Assets/prefabs/CharcoBoss.prefab
  artifactKey: Guid(b54c01e40b775854288bf315a6678e52) Importer(815301076,1909f56bfc062723c751e8b465ee728b)
Start importing Assets/prefabs/CharcoBoss.prefab using Guid(b54c01e40b775854288bf315a6678e52) Importer(815301076,1909f56bfc062723c751e8b465ee728b)  -> (artifact id: 'fa1fa627fdba12c32b867dc93ad81f71') in 0.011192 seconds 
  Import took 0.133002 seconds .

========================================================================
Received Import Request.
  Time since last request: 17.201356 seconds.
  path: Assets/prefabs/CharcoBoss.prefab
  artifactKey: Guid(b54c01e40b775854288bf315a6678e52) Importer(815301076,1909f56bfc062723c751e8b465ee728b)
Start importing Assets/prefabs/CharcoBoss.prefab using Guid(b54c01e40b775854288bf315a6678e52) Importer(815301076,1909f56bfc062723c751e8b465ee728b)  -> (artifact id: '1a6dd03b99f117b77a7ef617baaee45b') in 0.026888 seconds 
  Import took 0.050579 seconds .

========================================================================
Received Prepare
Registering precompiled user dll's ...
Registered in 0.003106 seconds.
Begin MonoManager ReloadAssembly
Native extension for WindowsStandalone target not found
Refreshing native plugins compatible for Editor in 1.09 ms, found 2 plugins.
Preloading 0 native plugins for Editor in 0.00 ms.
Mono: successfully reloaded assembly
- Completed reload, in  0.765 seconds
Platform modules already initialized, skipping
Shader 'Universal Render Pipeline/Particles/Lit': fallback shader 'Universal Render Pipeline/Particles/SimpleLit' not found
Shader 'Universal Render Pipeline/Particles/Lit': fallback shader 'Universal Render Pipeline/Particles/SimpleLit' not found
Refreshing native plugins compatible for Editor in 1.02 ms, found 2 plugins.
Preloading 0 native plugins for Editor in 0.00 ms.
Unloading 3545 Unused Serialized files (Serialized files now loaded: 0)
System memory in use before: 201.0 MB.
System memory in use after: 198.7 MB.

Unloading 44 unused Assets to reduce memory usage. Loaded Objects now: 4239.
Total: 3.223600 ms (FindLiveObjects: 0.280300 ms CreateObjectMapping: 0.079800 ms MarkObjects: 1.877500 ms  DeleteObjects: 0.985000 ms)

AssetImportParameters requested are different than current active one (requested -> active):
  custom:framework-win-MediaFoundation: 216162199b28c13a410421893ffa2e32 -> 
  custom:video-decoder-ogg-theora: a1e56fd34408186e4bbccfd4996cb3dc -> 
  custom:container-muxer-webm: aa71ff27fc2769a1b78a27578f13a17b -> 
  custom:container-demuxer-webm: 4f35f7cbe854078d1ac9338744f61a02 -> 
  custom:container-demuxer-ogg: 62fdf1f143b41e24485cea50d1cbac27 -> 
  custom:video-encoder-webm-vp8: eb34c28f22e8b96e1ab97ce403110664 -> 
  custom:video-decoder-webm-vp8: 9c59270c3fd7afecdb556c50c9e8de78 -> 
  custom:audio-decoder-ogg-vorbis: bf7c407c2cedff20999df2af8eb42d56 -> 
  custom:audio-encoder-webm-vorbis: bf7c407c2cedff20999df2af8eb42d56 -> 
========================================================================
Received Prepare
Registering precompiled user dll's ...
Registered in 0.003094 seconds.
Begin MonoManager ReloadAssembly
Native extension for WindowsStandalone target not found
Refreshing native plugins compatible for Editor in 1.02 ms, found 2 plugins.
Preloading 0 native plugins for Editor in 0.00 ms.
Mono: successfully reloaded assembly
- Completed reload, in  0.777 seconds
Platform modules already initialized, skipping
Shader 'Universal Render Pipeline/Particles/Lit': fallback shader 'Universal Render Pipeline/Particles/SimpleLit' not found
Shader 'Universal Render Pipeline/Particles/Lit': fallback shader 'Universal Render Pipeline/Particles/SimpleLit' not found
Refreshing native plugins compatible for Editor in 1.17 ms, found 2 plugins.
Preloading 0 native plugins for Editor in 0.00 ms.
Unloading 3545 Unused Serialized files (Serialized files now loaded: 0)
System memory in use before: 201.0 MB.
System memory in use after: 198.8 MB.

Unloading 44 unused Assets to reduce memory usage. Loaded Objects now: 4241.
Total: 5.949800 ms (FindLiveObjects: 0.316500 ms CreateObjectMapping: 0.114000 ms MarkObjects: 4.150500 ms  DeleteObjects: 1.367300 ms)

AssetImportParameters requested are different than current active one (requested -> active):
  custom:framework-win-MediaFoundation: 216162199b28c13a410421893ffa2e32 -> 
  custom:video-decoder-ogg-theora: a1e56fd34408186e4bbccfd4996cb3dc -> 
  custom:container-muxer-webm: aa71ff27fc2769a1b78a27578f13a17b -> 
  custom:container-demuxer-webm: 4f35f7cbe854078d1ac9338744f61a02 -> 
  custom:container-demuxer-ogg: 62fdf1f143b41e24485cea50d1cbac27 -> 
  custom:video-encoder-webm-vp8: eb34c28f22e8b96e1ab97ce403110664 -> 
  custom:video-decoder-webm-vp8: 9c59270c3fd7afecdb556c50c9e8de78 -> 
  custom:audio-decoder-ogg-vorbis: bf7c407c2cedff20999df2af8eb42d56 -> 
  custom:audio-encoder-webm-vorbis: bf7c407c2cedff20999df2af8eb42d56 -> 
========================================================================
Received Prepare
Registering precompiled user dll's ...
Registered in 0.002967 seconds.
Begin MonoManager ReloadAssembly
Native extension for WindowsStandalone target not found
Refreshing native plugins compatible for Editor in 1.18 ms, found 2 plugins.
Preloading 0 native plugins for Editor in 0.00 ms.
Mono: successfully reloaded assembly
- Completed reload, in  0.761 seconds
Platform modules already initialized, skipping
Shader 'Universal Render Pipeline/Particles/Lit': fallback shader 'Universal Render Pipeline/Particles/SimpleLit' not found
Shader 'Universal Render Pipeline/Particles/Lit': fallback shader 'Universal Render Pipeline/Particles/SimpleLit' not found
Refreshing native plugins compatible for Editor in 1.03 ms, found 2 plugins.
Preloading 0 native plugins for Editor in 0.00 ms.
Unloading 3545 Unused Serialized files (Serialized files now loaded: 0)
System memory in use before: 201.0 MB.
System memory in use after: 198.8 MB.

Unloading 44 unused Assets to reduce memory usage. Loaded Objects now: 4243.
Total: 3.368800 ms (FindLiveObjects: 0.258900 ms CreateObjectMapping: 0.078700 ms MarkObjects: 1.900900 ms  DeleteObjects: 1.129600 ms)

AssetImportParameters requested are different than current active one (requested -> active):
  custom:framework-win-MediaFoundation: 216162199b28c13a410421893ffa2e32 -> 
  custom:video-decoder-ogg-theora: a1e56fd34408186e4bbccfd4996cb3dc -> 
  custom:container-muxer-webm: aa71ff27fc2769a1b78a27578f13a17b -> 
  custom:container-demuxer-webm: 4f35f7cbe854078d1ac9338744f61a02 -> 
  custom:container-demuxer-ogg: 62fdf1f143b41e24485cea50d1cbac27 -> 
  custom:video-encoder-webm-vp8: eb34c28f22e8b96e1ab97ce403110664 -> 
  custom:video-decoder-webm-vp8: 9c59270c3fd7afecdb556c50c9e8de78 -> 
  custom:audio-decoder-ogg-vorbis: bf7c407c2cedff20999df2af8eb42d56 -> 
  custom:audio-encoder-webm-vorbis: bf7c407c2cedff20999df2af8eb42d56 -> 
========================================================================
Received Prepare
Registering precompiled user dll's ...
Registered in 0.003134 seconds.
Begin MonoManager ReloadAssembly
Native extension for WindowsStandalone target not found
Refreshing native plugins compatible for Editor in 1.03 ms, found 2 plugins.
Preloading 0 native plugins for Editor in 0.00 ms.
Mono: successfully reloaded assembly
- Completed reload, in  0.744 seconds
Platform modules already initialized, skipping
Shader 'Universal Render Pipeline/Particles/Lit': fallback shader 'Universal Render Pipeline/Particles/SimpleLit' not found
Shader 'Universal Render Pipeline/Particles/Lit': fallback shader 'Universal Render Pipeline/Particles/SimpleLit' not found
Refreshing native plugins compatible for Editor in 1.08 ms, found 2 plugins.
Preloading 0 native plugins for Editor in 0.00 ms.
Unloading 3545 Unused Serialized files (Serialized files now loaded: 0)
System memory in use before: 201.1 MB.
System memory in use after: 198.8 MB.

Unloading 44 unused Assets to reduce memory usage. Loaded Objects now: 4245.
Total: 3.356300 ms (FindLiveObjects: 0.285400 ms CreateObjectMapping: 0.106200 ms MarkObjects: 1.915600 ms  DeleteObjects: 1.048200 ms)

AssetImportParameters requested are different than current active one (requested -> active):
  custom:framework-win-MediaFoundation: 216162199b28c13a410421893ffa2e32 -> 
  custom:video-decoder-ogg-theora: a1e56fd34408186e4bbccfd4996cb3dc -> 
  custom:container-muxer-webm: aa71ff27fc2769a1b78a27578f13a17b -> 
  custom:container-demuxer-webm: 4f35f7cbe854078d1ac9338744f61a02 -> 
  custom:container-demuxer-ogg: 62fdf1f143b41e24485cea50d1cbac27 -> 
  custom:video-encoder-webm-vp8: eb34c28f22e8b96e1ab97ce403110664 -> 
  custom:video-decoder-webm-vp8: 9c59270c3fd7afecdb556c50c9e8de78 -> 
  custom:audio-decoder-ogg-vorbis: bf7c407c2cedff20999df2af8eb42d56 -> 
  custom:audio-encoder-webm-vorbis: bf7c407c2cedff20999df2af8eb42d56 -> 
========================================================================
Received Import Request.
  Time since last request: 242.504163 seconds.
  path: ProjectSettings/TagManager.asset
  artifactKey: Guid(00000000000000003000000000000000) Importer(815301076,1909f56bfc062723c751e8b465ee728b)
Start importing ProjectSettings/TagManager.asset using Guid(00000000000000003000000000000000) Importer(815301076,1909f56bfc062723c751e8b465ee728b)  -> (artifact id: 'ed25bf0ad393aa3b0f517fe3cf933f94') in 0.245584 seconds 
  Import took 0.310259 seconds .

========================================================================
Received Import Request.
  Time since last request: 24.804823 seconds.
  path: Assets/InventarioJugador.cs
  artifactKey: Guid(c4eb8a18b47a9124f99908c52d429691) Importer(815301076,1909f56bfc062723c751e8b465ee728b)
Start importing Assets/InventarioJugador.cs using Guid(c4eb8a18b47a9124f99908c52d429691) Importer(815301076,1909f56bfc062723c751e8b465ee728b)  -> (artifact id: '7d7db1513908eeb728c1dcf5ff1bc9aa') in 0.045349 seconds 
  Import took 0.289468 seconds .

AssetImportWorkerClient::OnTransportError - code=2 error=End of file
