Using pre-set license
Built from '2020.3/staging' branch; Version is '2020.3.13f1 (71691879b7f5) revision 7432472'; Using compiler version '192528614'; Build Type 'Release'
OS: 'Windows 10 Pro; OS build 19042.1288; Version 2009; 64bit' Language: 'es' Physical Memory: 16309 MB
BatchMode: 1, IsHumanControllingUs: 0, StartBugReporterOnCrash: 0, Is64bit: 1, IsPro: 0

 COMMAND LINE ARGUMENTS:
C:\Program Files\2020.3.13f1\Editor\Unity.exe
-adb2
-batchMode
-noUpm
-name
AssetImportWorker0
-projectPath
D:/Documentos/DarkSoulsLvL
-logFile
Logs/AssetImportWorker0.log
-srvPort
57691
Successfully changed project path to: D:/Documentos/DarkSoulsLvL
D:/Documentos/DarkSoulsLvL
Using Asset Import Pipeline V2.
Refreshing native plugins compatible for Editor in 61.38 ms, found 2 plugins.
Preloading 0 native plugins for Editor in 0.00 ms.
Initialize engine version: 2020.3.13f1 (71691879b7f5)
[Subsystems] Discovering subsystems at path C:/Program Files/2020.3.13f1/Editor/Data/Resources/UnitySubsystems
[Subsystems] Discovering subsystems at path D:/Documentos/DarkSoulsLvL/Assets
GfxDevice: creating device client; threaded=0
Direct3D:
    Version:  Direct3D 11.0 [level 11.1]
    Renderer: NVIDIA GeForce GTX 1660 Ti (ID=0x2182)
    Vendor:   
    VRAM:     5991 MB
    Driver:   27.21.14.5730
Initialize mono
Mono path[0] = 'C:/Program Files/2020.3.13f1/Editor/Data/Managed'
Mono path[1] = 'C:/Program Files/2020.3.13f1/Editor/Data/MonoBleedingEdge/lib/mono/unityjit'
Mono config path = 'C:/Program Files/2020.3.13f1/Editor/Data/MonoBleedingEdge/etc'
Using monoOptions --debugger-agent=transport=dt_socket,embedding=1,server=y,suspend=n,address=127.0.0.1:56784
Begin MonoManager ReloadAssembly
Registering precompiled unity dll's ...
Register platform support module: C:/Program Files/2020.3.13f1/Editor/Data/PlaybackEngines/WindowsStandaloneSupport/UnityEditor.WindowsStandalone.Extensions.dll
Registered in 0.001250 seconds.
Native extension for WindowsStandalone target not found
Refreshing native plugins compatible for Editor in 63.99 ms, found 2 plugins.
Preloading 0 native plugins for Editor in 0.00 ms.
Mono: successfully reloaded assembly
- Completed reload, in  1.549 seconds
Platform modules already initialized, skipping
Registering precompiled user dll's ...
Registered in 0.002073 seconds.
Begin MonoManager ReloadAssembly
Native extension for WindowsStandalone target not found
Refreshing native plugins compatible for Editor in 66.65 ms, found 2 plugins.
Preloading 0 native plugins for Editor in 0.00 ms.
Mono: successfully reloaded assembly
- Completed reload, in  0.820 seconds
Platform modules already initialized, skipping
========================================================================
Worker process is ready to serve import requests
Shader 'Universal Render Pipeline/Particles/Lit': fallback shader 'Universal Render Pipeline/Particles/SimpleLit' not found
Shader 'Universal Render Pipeline/Particles/Lit': fallback shader 'Universal Render Pipeline/Particles/SimpleLit' not found
Launched and connected shader compiler UnityShaderCompiler.exe after 0.03 seconds
Refreshing native plugins compatible for Editor in 1.51 ms, found 2 plugins.
Preloading 0 native plugins for Editor in 0.00 ms.
Unloading 3103 Unused Serialized files (Serialized files now loaded: 0)
System memory in use before: 158.0 MB.
System memory in use after: 155.5 MB.

Unloading 53 unused Assets to reduce memory usage. Loaded Objects now: 3512.
Total: 2.992900 ms (FindLiveObjects: 0.232300 ms CreateObjectMapping: 0.069400 ms MarkObjects: 1.636400 ms  DeleteObjects: 1.054000 ms)

AssetImportParameters requested are different than current active one (requested -> active):
  custom:framework-win-MediaFoundation: 216162199b28c13a410421893ffa2e32 -> 
  custom:video-decoder-ogg-theora: a1e56fd34408186e4bbccfd4996cb3dc -> 
  custom:container-muxer-webm: aa71ff27fc2769a1b78a27578f13a17b -> 
  custom:container-demuxer-webm: 4f35f7cbe854078d1ac9338744f61a02 -> 
  custom:container-demuxer-ogg: 62fdf1f143b41e24485cea50d1cbac27 -> 
  custom:video-encoder-webm-vp8: eb34c28f22e8b96e1ab97ce403110664 -> 
  custom:video-decoder-webm-vp8: 9c59270c3fd7afecdb556c50c9e8de78 -> 
  custom:audio-decoder-ogg-vorbis: bf7c407c2cedff20999df2af8eb42d56 -> 
  custom:audio-encoder-webm-vorbis: bf7c407c2cedff20999df2af8eb42d56 -> 
========================================================================
Received Import Request.
  path: Assets/Scenes/SampleScene.unity
  artifactKey: Guid(d1c3109bdb54ad54c8a2b2838528e640) Importer(815301076,1909f56bfc062723c751e8b465ee728b)
Start importing Assets/Scenes/SampleScene.unity using Guid(d1c3109bdb54ad54c8a2b2838528e640) Importer(815301076,1909f56bfc062723c751e8b465ee728b)  -> (artifact id: '523e874d0e6db7bc1a78ab6eb41e1a7e') in 0.017397 seconds 
  Import took 0.022054 seconds .

========================================================================
Received Import Request.
  Time since last request: 8.157469 seconds.
  path: Assets/Scenes/NivelNuevo.unity
  artifactKey: Guid(d1c3109bdb54ad54c8a2b2838528e640) Importer(815301076,1909f56bfc062723c751e8b465ee728b)
Start importing Assets/Scenes/NivelNuevo.unity using Guid(d1c3109bdb54ad54c8a2b2838528e640) Importer(815301076,1909f56bfc062723c751e8b465ee728b)  -> (artifact id: '3b1d327b42b65a146310a585dc6258ed') in 0.006445 seconds 
  Import took 0.010667 seconds .

========================================================================
Received Import Request.
  Time since last request: 145.254560 seconds.
  path: Assets/Dark_Fantasy/Assets/Prefabs_Grp/Prefabs/Ready_To_Use/Room_08_RTU.prefab
  artifactKey: Guid(4b3803e87b1a7cf4dbf560cdd65612c0) Importer(815301076,1909f56bfc062723c751e8b465ee728b)
Start importing Assets/Dark_Fantasy/Assets/Prefabs_Grp/Prefabs/Ready_To_Use/Room_08_RTU.prefab using Guid(4b3803e87b1a7cf4dbf560cdd65612c0) Importer(815301076,1909f56bfc062723c751e8b465ee728b)  -> (artifact id: 'f11abdd732a4d48c8c7f75602faa7d0d') in 3.641420 seconds 
  Import took 3.684419 seconds .

========================================================================
Received Import Request.
  Time since last request: 0.000182 seconds.
  path: Assets/Dark_Fantasy/Assets/Prefabs_Grp/Prefabs/Ready_To_Use/Room_11_RTU.prefab
  artifactKey: Guid(2b2fee50118dff64ab7eb8109bbcd632) Importer(815301076,1909f56bfc062723c751e8b465ee728b)
Start importing Assets/Dark_Fantasy/Assets/Prefabs_Grp/Prefabs/Ready_To_Use/Room_11_RTU.prefab using Guid(2b2fee50118dff64ab7eb8109bbcd632) Importer(815301076,1909f56bfc062723c751e8b465ee728b)  -> (artifact id: '64d40dbd3bebafd3f6d7b9277eb31c98') in 0.527731 seconds 
  Import took 0.544587 seconds .

========================================================================
Received Import Request.
  Time since last request: 2.020641 seconds.
  path: Assets/Dark_Fantasy/Assets/Prefabs_Grp/BASIC/Background/Background_Tower_01A.prefab
  artifactKey: Guid(9f313a335a34f6440a75a23bd7b91391) Importer(815301076,1909f56bfc062723c751e8b465ee728b)
Start importing Assets/Dark_Fantasy/Assets/Prefabs_Grp/BASIC/Background/Background_Tower_01A.prefab using Guid(9f313a335a34f6440a75a23bd7b91391) Importer(815301076,1909f56bfc062723c751e8b465ee728b)  -> (artifact id: '851447d4751103529eee34d40602e448') in 0.938990 seconds 
  Import took 0.943219 seconds .

========================================================================
Received Import Request.
  Time since last request: 0.000149 seconds.
  path: Assets/Dark_Fantasy/Assets/Textures_Grp/Textures/Bell_Tower_Roof_LowRes_phong3_AlbedoTransparency.png
  artifactKey: Guid(abf18493aeb67dd45ab9f88ed22f6926) Importer(815301076,1909f56bfc062723c751e8b465ee728b)
Start importing Assets/Dark_Fantasy/Assets/Textures_Grp/Textures/Bell_Tower_Roof_LowRes_phong3_AlbedoTransparency.png using Guid(abf18493aeb67dd45ab9f88ed22f6926) Importer(815301076,1909f56bfc062723c751e8b465ee728b)  -> (artifact id: 'bdeba6f59de529b243aff0e88550fea8') in 0.071798 seconds 
  Import took 0.076023 seconds .

========================================================================
Received Import Request.
  Time since last request: 0.000202 seconds.
  path: Assets/Dark_Fantasy/Assets/Textures_Grp/Textures/Bell_Tower_Roof_LowRes_phong3_Normal.png
  artifactKey: Guid(d823cc0ae7f4c384f83e043fb8f5ff73) Importer(815301076,1909f56bfc062723c751e8b465ee728b)
Start importing Assets/Dark_Fantasy/Assets/Textures_Grp/Textures/Bell_Tower_Roof_LowRes_phong3_Normal.png using Guid(d823cc0ae7f4c384f83e043fb8f5ff73) Importer(815301076,1909f56bfc062723c751e8b465ee728b)  -> (artifact id: '0c3d764422349f8040745fd25afcebdc') in 0.010492 seconds 
  Import took 0.014491 seconds .

========================================================================
Received Import Request.
  Time since last request: 0.000181 seconds.
  path: Assets/Dark_Fantasy/Assets/Prefabs_Grp/BASIC/Background/Background_Tower_01B.prefab
  artifactKey: Guid(3680fd63cd928d64ea1d3b8751070488) Importer(815301076,1909f56bfc062723c751e8b465ee728b)
Start importing Assets/Dark_Fantasy/Assets/Prefabs_Grp/BASIC/Background/Background_Tower_01B.prefab using Guid(3680fd63cd928d64ea1d3b8751070488) Importer(815301076,1909f56bfc062723c751e8b465ee728b)  -> (artifact id: '5c37144fd98411fbe2025f9c9870d47c') in 0.205415 seconds 
  Import took 0.209648 seconds .

========================================================================
Received Import Request.
  Time since last request: 0.000136 seconds.
  path: Assets/Dark_Fantasy/Assets/Textures_Grp/Textures/Bell_Tower_Roof_LowRes_phong3_MetallicSmoothness.png
  artifactKey: Guid(46f1a426b7bc61243a0787b3ba66bacd) Importer(815301076,1909f56bfc062723c751e8b465ee728b)
Start importing Assets/Dark_Fantasy/Assets/Textures_Grp/Textures/Bell_Tower_Roof_LowRes_phong3_MetallicSmoothness.png using Guid(46f1a426b7bc61243a0787b3ba66bacd) Importer(815301076,1909f56bfc062723c751e8b465ee728b)  -> (artifact id: '0b5465352fcf4d56325a47d1c4d8cc52') in 0.008550 seconds 
  Import took 0.012252 seconds .

========================================================================
Received Import Request.
  Time since last request: 0.000134 seconds.
  path: Assets/Dark_Fantasy/Assets/Textures_Grp/Textures/Bell_Tower_Roof_Octo_LowRes_phong3_AlbedoTransparency.png
  artifactKey: Guid(1694304ae63f75d46a424de816948438) Importer(815301076,1909f56bfc062723c751e8b465ee728b)
Start importing Assets/Dark_Fantasy/Assets/Textures_Grp/Textures/Bell_Tower_Roof_Octo_LowRes_phong3_AlbedoTransparency.png using Guid(1694304ae63f75d46a424de816948438) Importer(815301076,1909f56bfc062723c751e8b465ee728b)  -> (artifact id: 'a1f1b557e5600ff26b9b9b0124141fac') in 0.087340 seconds 
  Import took 0.090816 seconds .

========================================================================
Received Import Request.
  Time since last request: 0.697028 seconds.
  path: Assets/Dark_Fantasy/Assets/Textures_Grp/Textures/Bell_Tower_Roof_Octo_LowRes_phong3_MetallicSmoothness.png
  artifactKey: Guid(26e3baae90a46d34fba94a17e466b49e) Importer(815301076,1909f56bfc062723c751e8b465ee728b)
Start importing Assets/Dark_Fantasy/Assets/Textures_Grp/Textures/Bell_Tower_Roof_Octo_LowRes_phong3_MetallicSmoothness.png using Guid(26e3baae90a46d34fba94a17e466b49e) Importer(815301076,1909f56bfc062723c751e8b465ee728b)  -> (artifact id: 'f73f98932c0ddb77a19fd7c97dcb4e04') in 1.312474 seconds 
  Import took 1.316588 seconds .

========================================================================
Received Import Request.
  Time since last request: 0.000156 seconds.
  path: Assets/Dark_Fantasy/Assets/Textures_Grp/Textures/Bell_Tower_Roof_Octo_LowRes_phong3_Normal.png
  artifactKey: Guid(94b25430790132447a6a9713ba13943b) Importer(815301076,1909f56bfc062723c751e8b465ee728b)
Start importing Assets/Dark_Fantasy/Assets/Textures_Grp/Textures/Bell_Tower_Roof_Octo_LowRes_phong3_Normal.png using Guid(94b25430790132447a6a9713ba13943b) Importer(815301076,1909f56bfc062723c751e8b465ee728b)  -> (artifact id: '8afaa9d97edbb0e469798a296d4ddf23') in 0.109825 seconds 
  Import took 0.113224 seconds .

========================================================================
Received Import Request.
  Time since last request: 25.796830 seconds.
  path: Assets/Dark_Fantasy/Assets/Models/Tower/Tower_Battlements_01A.fbx
  artifactKey: Guid(13c1e431c9ad637408bee12065873c51) Importer(815301076,1909f56bfc062723c751e8b465ee728b)
Start importing Assets/Dark_Fantasy/Assets/Models/Tower/Tower_Battlements_01A.fbx using Guid(13c1e431c9ad637408bee12065873c51) Importer(815301076,1909f56bfc062723c751e8b465ee728b)  -> (artifact id: 'd27cce8e6928ef05ba0760f9b012087d') in 0.094522 seconds 
  Import took 0.108921 seconds .

========================================================================
Received Import Request.
  Time since last request: 0.000146 seconds.
  path: Assets/Dark_Fantasy/Assets/Models/Tower/Tower_Battlements_Module_01B.fbx
  artifactKey: Guid(46dc690c04286774ba35f5de4f476ea5) Importer(815301076,1909f56bfc062723c751e8b465ee728b)
Start importing Assets/Dark_Fantasy/Assets/Models/Tower/Tower_Battlements_Module_01B.fbx using Guid(46dc690c04286774ba35f5de4f476ea5) Importer(815301076,1909f56bfc062723c751e8b465ee728b)  -> (artifact id: '19dc1bc527dd7e781aeba4b395640eda') in 0.056107 seconds 
  Import took 0.059500 seconds .

========================================================================
Received Import Request.
  Time since last request: 0.000142 seconds.
  path: Assets/Dark_Fantasy/Assets/Models/Tower/Tower_Floor_02.fbx
  artifactKey: Guid(16fa5384f2d843d489730f2eac9bf901) Importer(815301076,1909f56bfc062723c751e8b465ee728b)
Start importing Assets/Dark_Fantasy/Assets/Models/Tower/Tower_Floor_02.fbx using Guid(16fa5384f2d843d489730f2eac9bf901) Importer(815301076,1909f56bfc062723c751e8b465ee728b)  -> (artifact id: 'c72a6a1e12ea059bdc07f6e153b63858') in 0.060807 seconds 
  Import took 0.064320 seconds .

========================================================================
Received Import Request.
  Time since last request: 0.000154 seconds.
  path: Assets/Dark_Fantasy/Assets/Models/Tower/Tower_Floor_02_Slab.fbx
  artifactKey: Guid(2c94406ed40a0bd47bf7902fe81fad28) Importer(815301076,1909f56bfc062723c751e8b465ee728b)
Start importing Assets/Dark_Fantasy/Assets/Models/Tower/Tower_Floor_02_Slab.fbx using Guid(2c94406ed40a0bd47bf7902fe81fad28) Importer(815301076,1909f56bfc062723c751e8b465ee728b)  -> (artifact id: 'e0d32c4d20ebc9f0707c46be3a59f038') in 0.053311 seconds 
  Import took 0.056866 seconds .

========================================================================
Received Import Request.
  Time since last request: 0.000144 seconds.
  path: Assets/Dark_Fantasy/Assets/Models/Tower/Tower_Floor_01.fbx
  artifactKey: Guid(40b5a50a5bd049247acdcee6fe85152f) Importer(815301076,1909f56bfc062723c751e8b465ee728b)
Start importing Assets/Dark_Fantasy/Assets/Models/Tower/Tower_Floor_01.fbx using Guid(40b5a50a5bd049247acdcee6fe85152f) Importer(815301076,1909f56bfc062723c751e8b465ee728b)  -> (artifact id: '9e238150fe75f26e382a7f1366585d12') in 0.021356 seconds 
  Import took 0.025007 seconds .

========================================================================
Received Import Request.
  Time since last request: 0.000148 seconds.
  path: Assets/Dark_Fantasy/Assets/Models/Tower/Tower_Battlements_02A.fbx
  artifactKey: Guid(ec6c18cbd03b6d24eb46a137d80f425e) Importer(815301076,1909f56bfc062723c751e8b465ee728b)
Start importing Assets/Dark_Fantasy/Assets/Models/Tower/Tower_Battlements_02A.fbx using Guid(ec6c18cbd03b6d24eb46a137d80f425e) Importer(815301076,1909f56bfc062723c751e8b465ee728b)  -> (artifact id: 'eaf82568939e49abdd06854841974d3d') in 0.045942 seconds 
  Import took 0.050098 seconds .

========================================================================
Received Import Request.
  Time since last request: 0.000136 seconds.
  path: Assets/Dark_Fantasy/Assets/Models/Tower/Tower_Floor_02_Hole.fbx
  artifactKey: Guid(b822927e60f1eda46a6632b9fadfe9d9) Importer(815301076,1909f56bfc062723c751e8b465ee728b)
Start importing Assets/Dark_Fantasy/Assets/Models/Tower/Tower_Floor_02_Hole.fbx using Guid(b822927e60f1eda46a6632b9fadfe9d9) Importer(815301076,1909f56bfc062723c751e8b465ee728b)  -> (artifact id: 'a2a231759685b058256ac4321442e7af') in 0.033690 seconds 
  Import took 0.070227 seconds .

========================================================================
Received Import Request.
  Time since last request: 0.000151 seconds.
  path: Assets/Dark_Fantasy/Assets/Models/Tower/Tower_Battlements_Module_01A.fbx
  artifactKey: Guid(ca9c1875cf7dc51429fc7efeb89e7bec) Importer(815301076,1909f56bfc062723c751e8b465ee728b)
Start importing Assets/Dark_Fantasy/Assets/Models/Tower/Tower_Battlements_Module_01A.fbx using Guid(ca9c1875cf7dc51429fc7efeb89e7bec) Importer(815301076,1909f56bfc062723c751e8b465ee728b)  -> (artifact id: 'ccbfbb41e5c8f5fa1ee7014870515341') in 0.047889 seconds 
  Import took 0.051299 seconds .

========================================================================
Received Import Request.
  Time since last request: 0.000148 seconds.
  path: Assets/Dark_Fantasy/Assets/Models/Tower/Tower_Battlements_02B.fbx
  artifactKey: Guid(8842ff63679a8bc459e7c5f497c4dc8a) Importer(815301076,1909f56bfc062723c751e8b465ee728b)
Start importing Assets/Dark_Fantasy/Assets/Models/Tower/Tower_Battlements_02B.fbx using Guid(8842ff63679a8bc459e7c5f497c4dc8a) Importer(815301076,1909f56bfc062723c751e8b465ee728b)  -> (artifact id: '0509cbbe9b23ef87e35c948504ca9bc0') in 0.025710 seconds 
  Import took 0.029383 seconds .

========================================================================
Received Import Request.
  Time since last request: 0.000131 seconds.
  path: Assets/Dark_Fantasy/Assets/Models/Tower/Tower_Battlements_02C.fbx
  artifactKey: Guid(a75144e63c91000489b215442d1f7dd7) Importer(815301076,1909f56bfc062723c751e8b465ee728b)
Start importing Assets/Dark_Fantasy/Assets/Models/Tower/Tower_Battlements_02C.fbx using Guid(a75144e63c91000489b215442d1f7dd7) Importer(815301076,1909f56bfc062723c751e8b465ee728b)  -> (artifact id: '9303ee0aa526d7fc7b4223c6a5d311f3') in 0.020479 seconds 
  Import took 0.023922 seconds .

========================================================================
Received Import Request.
  Time since last request: 0.000121 seconds.
  path: Assets/Dark_Fantasy/Assets/Models/Tower/Tower_Battlements_01B.fbx
  artifactKey: Guid(3e73ed6d022c027409a15843be3ab9a2) Importer(815301076,1909f56bfc062723c751e8b465ee728b)
Start importing Assets/Dark_Fantasy/Assets/Models/Tower/Tower_Battlements_01B.fbx using Guid(3e73ed6d022c027409a15843be3ab9a2) Importer(815301076,1909f56bfc062723c751e8b465ee728b)  -> (artifact id: '0a8d21cd22768d7a7e3f5dfedc39f055') in 0.033678 seconds 
  Import took 0.037475 seconds .

========================================================================
Received Import Request.
  Time since last request: 0.000158 seconds.
  path: Assets/Dark_Fantasy/Assets/Models/Tower/Tower_Orn_01.fbx
  artifactKey: Guid(f2cc6cddbfdfecc4c9f5d64ad8000353) Importer(815301076,1909f56bfc062723c751e8b465ee728b)
Start importing Assets/Dark_Fantasy/Assets/Models/Tower/Tower_Orn_01.fbx using Guid(f2cc6cddbfdfecc4c9f5d64ad8000353) Importer(815301076,1909f56bfc062723c751e8b465ee728b)  -> (artifact id: 'e93d1034c6d56fcc5c8e185e925f9242') in 0.034941 seconds 
  Import took 0.038704 seconds .

========================================================================
Received Import Request.
  Time since last request: 1.048069 seconds.
  path: Assets/Dark_Fantasy/Assets/Models/Tower/Tower_Orn_02.fbx
  artifactKey: Guid(eba807d68ae12a949a61d946228c9718) Importer(815301076,1909f56bfc062723c751e8b465ee728b)
Start importing Assets/Dark_Fantasy/Assets/Models/Tower/Tower_Orn_02.fbx using Guid(eba807d68ae12a949a61d946228c9718) Importer(815301076,1909f56bfc062723c751e8b465ee728b)  -> (artifact id: '75bb8fbdfc326fea3b6582cbcc65c05f') in 0.027851 seconds 
  Import took 0.032444 seconds .

========================================================================
Received Import Request.
  Time since last request: 0.000134 seconds.
  path: Assets/Dark_Fantasy/Assets/Models/Tower/Tower_Orn_04.fbx
  artifactKey: Guid(f72e3bd3698fdee448963c58568e7190) Importer(815301076,1909f56bfc062723c751e8b465ee728b)
Start importing Assets/Dark_Fantasy/Assets/Models/Tower/Tower_Orn_04.fbx using Guid(f72e3bd3698fdee448963c58568e7190) Importer(815301076,1909f56bfc062723c751e8b465ee728b)  -> (artifact id: '20378d08503bece10f6c8ddcb7b201e1') in 0.025881 seconds 
  Import took 0.029442 seconds .

========================================================================
Received Import Request.
  Time since last request: 0.000245 seconds.
  path: Assets/Dark_Fantasy/Assets/Models/Tower/Tower_Orn_03.fbx
  artifactKey: Guid(db31691708f46884ba165673cc13cb3a) Importer(815301076,1909f56bfc062723c751e8b465ee728b)
Start importing Assets/Dark_Fantasy/Assets/Models/Tower/Tower_Orn_03.fbx using Guid(db31691708f46884ba165673cc13cb3a) Importer(815301076,1909f56bfc062723c751e8b465ee728b)  -> (artifact id: '4acf992aaa1f2d59c0fe82fa17bf97f7') in 0.039420 seconds 
  Import took 0.043633 seconds .

========================================================================
Received Import Request.
  Time since last request: 0.000155 seconds.
  path: Assets/Dark_Fantasy/Assets/Textures_Grp/Textures/Tower_Roof_LowRes_phong3_Normal.png
  artifactKey: Guid(79c94f4213443dc4c819f323d4a75f7a) Importer(815301076,1909f56bfc062723c751e8b465ee728b)
Start importing Assets/Dark_Fantasy/Assets/Textures_Grp/Textures/Tower_Roof_LowRes_phong3_Normal.png using Guid(79c94f4213443dc4c819f323d4a75f7a) Importer(815301076,1909f56bfc062723c751e8b465ee728b)  -> (artifact id: '5085d6c21b0fbfd57c89f83627ac7235') in 0.152924 seconds 
  Import took 0.156562 seconds .

========================================================================
Received Import Request.
  Time since last request: 0.000175 seconds.
  path: Assets/Dark_Fantasy/Assets/Textures_Grp/Textures/Tower_Roof_LowRes_phong3_AlbedoTransparency.png
  artifactKey: Guid(59e303b50ec221247b6810cd980523a3) Importer(815301076,1909f56bfc062723c751e8b465ee728b)
Start importing Assets/Dark_Fantasy/Assets/Textures_Grp/Textures/Tower_Roof_LowRes_phong3_AlbedoTransparency.png using Guid(59e303b50ec221247b6810cd980523a3) Importer(815301076,1909f56bfc062723c751e8b465ee728b)  -> (artifact id: 'de37833b732affd11aaa0ac8e684c006') in 0.139292 seconds 
  Import took 0.142960 seconds .

========================================================================
Received Import Request.
  Time since last request: 0.000160 seconds.
  path: Assets/Dark_Fantasy/Assets/Models/Tower/Tower_Orn_Wood_01.fbx
  artifactKey: Guid(aecf092e6d8499446ae92f045eba701d) Importer(815301076,1909f56bfc062723c751e8b465ee728b)
Start importing Assets/Dark_Fantasy/Assets/Models/Tower/Tower_Orn_Wood_01.fbx using Guid(aecf092e6d8499446ae92f045eba701d) Importer(815301076,1909f56bfc062723c751e8b465ee728b)  -> (artifact id: 'd9a2d8d4c630dce3634f5372824d0331') in 0.039279 seconds 
  Import took 0.042783 seconds .

========================================================================
Received Import Request.
  Time since last request: 0.000145 seconds.
  path: Assets/Dark_Fantasy/Assets/Models/Tower/Tower_Stair_Int_01B.fbx
  artifactKey: Guid(4dc0a6099e10a5240ba1a23a535d07cf) Importer(815301076,1909f56bfc062723c751e8b465ee728b)
Start importing Assets/Dark_Fantasy/Assets/Models/Tower/Tower_Stair_Int_01B.fbx using Guid(4dc0a6099e10a5240ba1a23a535d07cf) Importer(815301076,1909f56bfc062723c751e8b465ee728b)  -> (artifact id: '3ed882d3a24ce22e94aaa4ccb574c936') in 0.063227 seconds 
  Import took 0.067064 seconds .

========================================================================
Received Import Request.
  Time since last request: 0.000131 seconds.
  path: Assets/Dark_Fantasy/Assets/Models/Tower/Tower_Stair_Int_Collider.fbx
  artifactKey: Guid(40aca35883928af4aaf84ce84444de27) Importer(815301076,1909f56bfc062723c751e8b465ee728b)
Start importing Assets/Dark_Fantasy/Assets/Models/Tower/Tower_Stair_Int_Collider.fbx using Guid(40aca35883928af4aaf84ce84444de27) Importer(815301076,1909f56bfc062723c751e8b465ee728b)  -> (artifact id: '8d53609837168d47eb5bdf228b8c0344') in 0.039318 seconds 
  Import took 0.042790 seconds .

========================================================================
Received Import Request.
  Time since last request: 0.000142 seconds.
  path: Assets/Dark_Fantasy/Assets/Models/Tower/Tower_Wall_01.fbx
  artifactKey: Guid(f7e98ae155bc2294b9bda768dac383ba) Importer(815301076,1909f56bfc062723c751e8b465ee728b)
Start importing Assets/Dark_Fantasy/Assets/Models/Tower/Tower_Wall_01.fbx using Guid(f7e98ae155bc2294b9bda768dac383ba) Importer(815301076,1909f56bfc062723c751e8b465ee728b)  -> (artifact id: 'cb081cf5f32b5b1c7472e4ac13cb10d8') in 0.014949 seconds 
  Import took 0.018377 seconds .

========================================================================
Received Import Request.
  Time since last request: 0.000133 seconds.
  path: Assets/Dark_Fantasy/Assets/Prefabs_Grp/BASIC/Stairs/Tower_Stair_Int_01B.prefab
  artifactKey: Guid(287e9ac8bb221d14a929c86cc6bb79e0) Importer(815301076,1909f56bfc062723c751e8b465ee728b)
Start importing Assets/Dark_Fantasy/Assets/Prefabs_Grp/BASIC/Stairs/Tower_Stair_Int_01B.prefab using Guid(287e9ac8bb221d14a929c86cc6bb79e0) Importer(815301076,1909f56bfc062723c751e8b465ee728b)  -> (artifact id: '6139bc2115e29184015fa0e970d9f4a3') in 0.031755 seconds 
  Import took 0.036007 seconds .

========================================================================
Received Import Request.
  Time since last request: 0.000129 seconds.
  path: Assets/Dark_Fantasy/Assets/Textures_Grp/Textures/Tower_Roof_LowRes_phong3_MetallicSmoothness.png
  artifactKey: Guid(3bc6d11b23a6f5d4ca32528624180b42) Importer(815301076,1909f56bfc062723c751e8b465ee728b)
Start importing Assets/Dark_Fantasy/Assets/Textures_Grp/Textures/Tower_Roof_LowRes_phong3_MetallicSmoothness.png using Guid(3bc6d11b23a6f5d4ca32528624180b42) Importer(815301076,1909f56bfc062723c751e8b465ee728b)  -> (artifact id: 'c7bed1eb84775148e96fb33f47cc6874') in 0.231586 seconds 
  Import took 0.235333 seconds .

========================================================================
Received Import Request.
  Time since last request: 0.000138 seconds.
  path: Assets/Dark_Fantasy/Assets/Prefabs_Grp/BASIC/Stairs/Tower_Stair_Int_Collider.prefab
  artifactKey: Guid(7ae519cc37c35464eae194237249e939) Importer(815301076,1909f56bfc062723c751e8b465ee728b)
Start importing Assets/Dark_Fantasy/Assets/Prefabs_Grp/BASIC/Stairs/Tower_Stair_Int_Collider.prefab using Guid(7ae519cc37c35464eae194237249e939) Importer(815301076,1909f56bfc062723c751e8b465ee728b)  -> (artifact id: '30bf514b773ee1eb142a5057f3ba7645') in 0.041994 seconds 
  Import took 0.045455 seconds .

========================================================================
Received Import Request.
  Time since last request: 0.000135 seconds.
  path: Assets/Dark_Fantasy/Assets/Models/Tower/Tower_Stair_Int_01A.fbx
  artifactKey: Guid(870ee695e7190be45a66170472196475) Importer(815301076,1909f56bfc062723c751e8b465ee728b)
Start importing Assets/Dark_Fantasy/Assets/Models/Tower/Tower_Stair_Int_01A.fbx using Guid(870ee695e7190be45a66170472196475) Importer(815301076,1909f56bfc062723c751e8b465ee728b)  -> (artifact id: '742c650ec509c5706a344c87cd702bc3') in 0.012481 seconds 
  Import took 0.043480 seconds .

========================================================================
Received Import Request.
  Time since last request: 0.000127 seconds.
  path: Assets/Dark_Fantasy/Assets/Prefabs_Grp/BASIC/Stairs/Tower_Stair_Int_01A.prefab
  artifactKey: Guid(bc56a7df89ebac449a81fa491d0965d8) Importer(815301076,1909f56bfc062723c751e8b465ee728b)
Start importing Assets/Dark_Fantasy/Assets/Prefabs_Grp/BASIC/Stairs/Tower_Stair_Int_01A.prefab using Guid(bc56a7df89ebac449a81fa491d0965d8) Importer(815301076,1909f56bfc062723c751e8b465ee728b)  -> (artifact id: '227e99da40fbdfe86bb338d4e403a46e') in 0.017704 seconds 
  Import took 0.021729 seconds .

========================================================================
Received Import Request.
  Time since last request: 0.067531 seconds.
  path: Assets/Dark_Fantasy/Assets/Models/Tower/Tower_Wall_02.fbx
  artifactKey: Guid(64736a85d4adcc142a02bb2559c3bfcc) Importer(815301076,1909f56bfc062723c751e8b465ee728b)
Start importing Assets/Dark_Fantasy/Assets/Models/Tower/Tower_Wall_02.fbx using Guid(64736a85d4adcc142a02bb2559c3bfcc) Importer(815301076,1909f56bfc062723c751e8b465ee728b)  -> (artifact id: '511313b2e17619b7a1158974167df33f') in 0.028846 seconds 
  Import took 0.033685 seconds .

========================================================================
Received Import Request.
  Time since last request: 0.000243 seconds.
  path: Assets/Dark_Fantasy/Assets/Models/Tower/Tower_Wall_05.fbx
  artifactKey: Guid(9b79111762cb65c4b9147ee4fd575fbe) Importer(815301076,1909f56bfc062723c751e8b465ee728b)
Start importing Assets/Dark_Fantasy/Assets/Models/Tower/Tower_Wall_05.fbx using Guid(9b79111762cb65c4b9147ee4fd575fbe) Importer(815301076,1909f56bfc062723c751e8b465ee728b)  -> (artifact id: 'cf04e16d17e2e36c9f522daacb7899b3') in 0.035185 seconds 
  Import took 0.039388 seconds .

========================================================================
Received Import Request.
  Time since last request: 0.000145 seconds.
  path: Assets/Dark_Fantasy/Assets/Models/Tower/Tower_Wall_06_Gate.fbx
  artifactKey: Guid(dd45e1c1b6a1f49419cbd041324d7dd2) Importer(815301076,1909f56bfc062723c751e8b465ee728b)
Start importing Assets/Dark_Fantasy/Assets/Models/Tower/Tower_Wall_06_Gate.fbx using Guid(dd45e1c1b6a1f49419cbd041324d7dd2) Importer(815301076,1909f56bfc062723c751e8b465ee728b)  -> (artifact id: 'f673e8603e0efdf32dad8d15dfa94117') in 0.024192 seconds 
  Import took 0.048557 seconds .

========================================================================
Received Import Request.
  Time since last request: 0.000120 seconds.
  path: Assets/Dark_Fantasy/Assets/Models/Tower/Tower_Wall_07.fbx
  artifactKey: Guid(8874d422da3cbb348a8f2ba95fdeb8bf) Importer(815301076,1909f56bfc062723c751e8b465ee728b)
Start importing Assets/Dark_Fantasy/Assets/Models/Tower/Tower_Wall_07.fbx using Guid(8874d422da3cbb348a8f2ba95fdeb8bf) Importer(815301076,1909f56bfc062723c751e8b465ee728b)  -> (artifact id: 'd29bb4286cc8738e9fe4bb0ae39b8021') in 0.011976 seconds 
  Import took 0.026422 seconds .

========================================================================
Received Import Request.
  Time since last request: 0.000136 seconds.
  path: Assets/Dark_Fantasy/Assets/Models/Tower/Tower_Wall_03.fbx
  artifactKey: Guid(82fa55ee1186ec34886b0a0718c197ea) Importer(815301076,1909f56bfc062723c751e8b465ee728b)
Start importing Assets/Dark_Fantasy/Assets/Models/Tower/Tower_Wall_03.fbx using Guid(82fa55ee1186ec34886b0a0718c197ea) Importer(815301076,1909f56bfc062723c751e8b465ee728b)  -> (artifact id: '8cc13b7d93d0b471289153268d2a0696') in 0.045382 seconds 
  Import took 0.049118 seconds .

========================================================================
Received Import Request.
  Time since last request: 0.000146 seconds.
  path: Assets/Dark_Fantasy/Assets/Models/Tower/Tower_Wall_04.fbx
  artifactKey: Guid(57c1058051e8cf24c9e4d4d9c4d0dab0) Importer(815301076,1909f56bfc062723c751e8b465ee728b)
Start importing Assets/Dark_Fantasy/Assets/Models/Tower/Tower_Wall_04.fbx using Guid(57c1058051e8cf24c9e4d4d9c4d0dab0) Importer(815301076,1909f56bfc062723c751e8b465ee728b)  -> (artifact id: '2b532a7bdb71488509b63b23b5b5fa68') in 0.032051 seconds 
  Import took 0.035435 seconds .

========================================================================
Received Import Request.
  Time since last request: 0.000169 seconds.
  path: Assets/Dark_Fantasy/Assets/Models/Tower/Tower_Wall_07_Window.fbx
  artifactKey: Guid(7f5919e37fc733e45b337e5867d4674e) Importer(815301076,1909f56bfc062723c751e8b465ee728b)
Start importing Assets/Dark_Fantasy/Assets/Models/Tower/Tower_Wall_07_Window.fbx using Guid(7f5919e37fc733e45b337e5867d4674e) Importer(815301076,1909f56bfc062723c751e8b465ee728b)  -> (artifact id: '5ac8fd414782d9a00bdec9d2b97426bb') in 0.030891 seconds 
  Import took 0.035156 seconds .

========================================================================
Received Import Request.
  Time since last request: 0.491308 seconds.
  path: Assets/Dark_Fantasy/Assets/Models/Tower/Tower_Wall_08.fbx
  artifactKey: Guid(872f15362aa6d4740923b233fda5eb1e) Importer(815301076,1909f56bfc062723c751e8b465ee728b)
Start importing Assets/Dark_Fantasy/Assets/Models/Tower/Tower_Wall_08.fbx using Guid(872f15362aa6d4740923b233fda5eb1e) Importer(815301076,1909f56bfc062723c751e8b465ee728b)  -> (artifact id: 'e194f0111a49de209476661398671712') in 0.013696 seconds 
  Import took 0.017876 seconds .

========================================================================
Received Import Request.
  Time since last request: 0.000144 seconds.
  path: Assets/Dark_Fantasy/Assets/Models/Tower/Tower_Wall_08_Window.fbx
  artifactKey: Guid(5bac488c865ce39488153d2c415e9d8e) Importer(815301076,1909f56bfc062723c751e8b465ee728b)
Start importing Assets/Dark_Fantasy/Assets/Models/Tower/Tower_Wall_08_Window.fbx using Guid(5bac488c865ce39488153d2c415e9d8e) Importer(815301076,1909f56bfc062723c751e8b465ee728b)  -> (artifact id: 'c984433b7fba2c03e74a1d81ae01ea2c') in 0.082353 seconds 
  Import took 0.107010 seconds .

========================================================================
Received Import Request.
  Time since last request: 3259.588514 seconds.
  path: Assets/Dark_Fantasy/Assets/Prefabs_Grp/Prefabs/Wall/Wall/SNAP_Wall_01_VertHalf.prefab
  artifactKey: Guid(4e94d475dfbb98a40abc632a9d889d0b) Importer(815301076,1909f56bfc062723c751e8b465ee728b)
Start importing Assets/Dark_Fantasy/Assets/Prefabs_Grp/Prefabs/Wall/Wall/SNAP_Wall_01_VertHalf.prefab using Guid(4e94d475dfbb98a40abc632a9d889d0b) Importer(815301076,1909f56bfc062723c751e8b465ee728b)  -> (artifact id: 'db736e9d151f3e5f0825194b7e0ec090') in 0.078172 seconds 
  Import took 0.086575 seconds .

========================================================================
Received Import Request.
  Time since last request: 0.000158 seconds.
  path: Assets/Dark_Fantasy/Assets/Prefabs_Grp/Prefabs/Wall/Wall/SNAP_Wall_03.prefab
  artifactKey: Guid(d5e776187c2898d42a86c62caaed3db7) Importer(815301076,1909f56bfc062723c751e8b465ee728b)
Start importing Assets/Dark_Fantasy/Assets/Prefabs_Grp/Prefabs/Wall/Wall/SNAP_Wall_03.prefab using Guid(d5e776187c2898d42a86c62caaed3db7) Importer(815301076,1909f56bfc062723c751e8b465ee728b)  -> (artifact id: 'bff9bc31d127b0b9afcee2637074ff5c') in 0.016014 seconds 
  Import took 0.020049 seconds .

========================================================================
Received Import Request.
  Time since last request: 0.000151 seconds.
  path: Assets/Dark_Fantasy/Assets/Prefabs_Grp/Prefabs/Wall/Wall/SNAP_Wall_Stairs_01.prefab
  artifactKey: Guid(ccc7648019df3e64294188bd9eedb1fc) Importer(815301076,1909f56bfc062723c751e8b465ee728b)
Start importing Assets/Dark_Fantasy/Assets/Prefabs_Grp/Prefabs/Wall/Wall/SNAP_Wall_Stairs_01.prefab using Guid(ccc7648019df3e64294188bd9eedb1fc) Importer(815301076,1909f56bfc062723c751e8b465ee728b)  -> (artifact id: '54fa2005ed6fff2c795dafd59b451135') in 0.274682 seconds 
  Import took 0.278679 seconds .

========================================================================
Received Import Request.
  Time since last request: 0.000147 seconds.
  path: Assets/Dark_Fantasy/Assets/Prefabs_Grp/Prefabs/Wall/Wall/SNAP_Wall_x4_Deform_01.prefab
  artifactKey: Guid(9d316dcb92085d74aab87681e97d5145) Importer(815301076,1909f56bfc062723c751e8b465ee728b)
Start importing Assets/Dark_Fantasy/Assets/Prefabs_Grp/Prefabs/Wall/Wall/SNAP_Wall_x4_Deform_01.prefab using Guid(9d316dcb92085d74aab87681e97d5145) Importer(815301076,1909f56bfc062723c751e8b465ee728b)  -> (artifact id: '5fd4e8f12b58d16265f5b937b9f9ac39') in 0.373371 seconds 
  Import took 0.377795 seconds .

========================================================================
Received Import Request.
  Time since last request: 0.000131 seconds.
  path: Assets/Dark_Fantasy/Assets/Prefabs_Grp/Prefabs/Wall/Wall/SNAP_Wall_x4_Vert.prefab
  artifactKey: Guid(219d5b4ecbfa0d141b02004634bac7b3) Importer(815301076,1909f56bfc062723c751e8b465ee728b)
Start importing Assets/Dark_Fantasy/Assets/Prefabs_Grp/Prefabs/Wall/Wall/SNAP_Wall_x4_Vert.prefab using Guid(219d5b4ecbfa0d141b02004634bac7b3) Importer(815301076,1909f56bfc062723c751e8b465ee728b)  -> (artifact id: 'a06e0469a7041abf33ed7c2d301d6ad8') in 0.015938 seconds 
  Import took 0.020177 seconds .

========================================================================
Received Import Request.
  Time since last request: 0.000143 seconds.
  path: Assets/Dark_Fantasy/Assets/Prefabs_Grp/Prefabs/Wall/Wall/SNAP_Wall_x6.prefab
  artifactKey: Guid(98c9a89f1d8518f4f833a9b0bc75d6ea) Importer(815301076,1909f56bfc062723c751e8b465ee728b)
Start importing Assets/Dark_Fantasy/Assets/Prefabs_Grp/Prefabs/Wall/Wall/SNAP_Wall_x6.prefab using Guid(98c9a89f1d8518f4f833a9b0bc75d6ea) Importer(815301076,1909f56bfc062723c751e8b465ee728b)  -> (artifact id: '22e2929da30291007dbf1ce03457fd0a') in 0.028920 seconds 
  Import took 0.033208 seconds .

========================================================================
Received Import Request.
  Time since last request: 0.000157 seconds.
  path: Assets/Dark_Fantasy/Assets/Prefabs_Grp/Prefabs/Wall/Wall/SNAP_Wall_x4.prefab
  artifactKey: Guid(faa4c911ad0dcc146b4c55e520ddcafe) Importer(815301076,1909f56bfc062723c751e8b465ee728b)
Start importing Assets/Dark_Fantasy/Assets/Prefabs_Grp/Prefabs/Wall/Wall/SNAP_Wall_x4.prefab using Guid(faa4c911ad0dcc146b4c55e520ddcafe) Importer(815301076,1909f56bfc062723c751e8b465ee728b)  -> (artifact id: '75545538277ddcfe932ae96c8de7276d') in 0.015678 seconds 
  Import took 0.033635 seconds .

========================================================================
Received Import Request.
  Time since last request: 0.000163 seconds.
  path: Assets/Dark_Fantasy/Assets/Prefabs_Grp/Prefabs/Wall/Wall/SNAP_Wall_x4_Deform_02.prefab
  artifactKey: Guid(adcc66d0fb0f8fa459dd7a1661f3fa95) Importer(815301076,1909f56bfc062723c751e8b465ee728b)
Start importing Assets/Dark_Fantasy/Assets/Prefabs_Grp/Prefabs/Wall/Wall/SNAP_Wall_x4_Deform_02.prefab using Guid(adcc66d0fb0f8fa459dd7a1661f3fa95) Importer(815301076,1909f56bfc062723c751e8b465ee728b)  -> (artifact id: '9ddbecdf4ce232827d607a2f8d325c94') in 0.053976 seconds 
  Import took 0.058484 seconds .

========================================================================
Received Import Request.
  Time since last request: 0.000178 seconds.
  path: Assets/Dark_Fantasy/Assets/Prefabs_Grp/Prefabs/Wall/Wall/SNAP_Wall_x10.prefab
  artifactKey: Guid(4886f75a984730841b981908e7c0b91b) Importer(815301076,1909f56bfc062723c751e8b465ee728b)
Start importing Assets/Dark_Fantasy/Assets/Prefabs_Grp/Prefabs/Wall/Wall/SNAP_Wall_x10.prefab using Guid(4886f75a984730841b981908e7c0b91b) Importer(815301076,1909f56bfc062723c751e8b465ee728b)  -> (artifact id: 'baed14980c3c5dbad417e30a7a0d8eb9') in 0.086184 seconds 
  Import took 0.090778 seconds .

========================================================================
Received Import Request.
  Time since last request: 0.000145 seconds.
  path: Assets/Dark_Fantasy/Assets/Prefabs_Grp/Prefabs/Wall/Wall/SNAP_Wall_x8_Horiz.prefab
  artifactKey: Guid(439704d0085208c468fd68801bcff462) Importer(815301076,1909f56bfc062723c751e8b465ee728b)
Start importing Assets/Dark_Fantasy/Assets/Prefabs_Grp/Prefabs/Wall/Wall/SNAP_Wall_x8_Horiz.prefab using Guid(439704d0085208c468fd68801bcff462) Importer(815301076,1909f56bfc062723c751e8b465ee728b)  -> (artifact id: '0142ad49aa4f4cd472c3e922b2191541') in 0.039559 seconds 
  Import took 0.043704 seconds .

========================================================================
Received Import Request.
  Time since last request: 0.000138 seconds.
  path: Assets/Dark_Fantasy/Assets/Prefabs_Grp/Prefabs/Wall/Wall/SNAP_Wall_04.prefab
  artifactKey: Guid(d9e580da3a8b3fa489a2f06f824a3cc6) Importer(815301076,1909f56bfc062723c751e8b465ee728b)
Start importing Assets/Dark_Fantasy/Assets/Prefabs_Grp/Prefabs/Wall/Wall/SNAP_Wall_04.prefab using Guid(d9e580da3a8b3fa489a2f06f824a3cc6) Importer(815301076,1909f56bfc062723c751e8b465ee728b)  -> (artifact id: '6d79b7fd2d85ca02d92ee1f10fb750a8') in 0.028616 seconds 
  Import took 0.032684 seconds .

========================================================================
Received Import Request.
  Time since last request: 0.000138 seconds.
  path: Assets/Dark_Fantasy/Assets/Prefabs_Grp/Prefabs/Wall/Wall/SNAP_Wall_x8.prefab
  artifactKey: Guid(3c3116070392e4449bdffd706cceea35) Importer(815301076,1909f56bfc062723c751e8b465ee728b)
Start importing Assets/Dark_Fantasy/Assets/Prefabs_Grp/Prefabs/Wall/Wall/SNAP_Wall_x8.prefab using Guid(3c3116070392e4449bdffd706cceea35) Importer(815301076,1909f56bfc062723c751e8b465ee728b)  -> (artifact id: '77de0d28ef08fffcb0f6754cc032bf5c') in 0.017903 seconds 
  Import took 0.045448 seconds .

========================================================================
Received Import Request.
  Time since last request: 0.000135 seconds.
  path: Assets/Dark_Fantasy/Assets/Prefabs_Grp/Prefabs/Wall/Wall/SNAP_Wall_02.prefab
  artifactKey: Guid(d6622d43f2c83344eb172a28be8aa42f) Importer(815301076,1909f56bfc062723c751e8b465ee728b)
Start importing Assets/Dark_Fantasy/Assets/Prefabs_Grp/Prefabs/Wall/Wall/SNAP_Wall_02.prefab using Guid(d6622d43f2c83344eb172a28be8aa42f) Importer(815301076,1909f56bfc062723c751e8b465ee728b)  -> (artifact id: '6baffae0d5b5ae89e81ae8aecbabb118') in 0.014602 seconds 
  Import took 0.019531 seconds .

========================================================================
Received Import Request.
  Time since last request: 0.000811 seconds.
  path: Assets/Dark_Fantasy/Assets/Prefabs_Grp/Prefabs/Wall/Wall/SNAP_Wall_02.prefab
  artifactKey: Guid(d6622d43f2c83344eb172a28be8aa42f) Importer(815301076,1909f56bfc062723c751e8b465ee728b)
Start importing Assets/Dark_Fantasy/Assets/Prefabs_Grp/Prefabs/Wall/Wall/SNAP_Wall_02.prefab using Guid(d6622d43f2c83344eb172a28be8aa42f) Importer(815301076,1909f56bfc062723c751e8b465ee728b)  -> (artifact id: '6baffae0d5b5ae89e81ae8aecbabb118') in 0.015842 seconds 
  Import took 0.020990 seconds .

AssetImportWorkerClient::OnTransportError - code=2 error=End of file
